<?xml version="1.0" encoding="UTF-8"?>
<!-- Generated by org.testng.reporters.JUnitXMLReporter -->
<testsuite ignored="0" hostname="IN-PG02NM6E" failures="2" tests="2" name="Surefire test" time="1.335" errors="0" timestamp="2022-12-16T22:06:51 IST">
  <testcase classname="cucumber.api.testng.AbstractTestNGCucumberTests" name="feature" time="0.873">
    <failure type="cucumber.runtime.CucumberException" message="java.lang.IllegalArgumentException: Can not set io.appium.java_client.MobileElement field Screen.Screen1._continue to org.openqa.selenium.remote.RemoteWebElement$$EnhancerByCGLIB$$d27c0df4">
      <![CDATA[cucumber.runtime.CucumberException: java.lang.IllegalArgumentException: Can not set io.appium.java_client.MobileElement field Screen.Screen1._continue to org.openqa.selenium.remote.RemoteWebElement$$EnhancerByCGLIB$$d27c0df4
at cucumber.api.testng.TestNGCucumberRunner.runCucumber(TestNGCucumberRunner.java:69)
at cucumber.api.testng.AbstractTestNGCucumberTests.feature(AbstractTestNGCucumberTests.java:21)
at java.base/java.util.ArrayList.forEach(ArrayList.java:1540)
Caused by: java.lang.IllegalArgumentException: Can not set io.appium.java_client.MobileElement field Screen.Screen1._continue to org.openqa.selenium.remote.RemoteWebElement$$EnhancerByCGLIB$$d27c0df4
at org.openqa.selenium.support.PageFactory.proxyFields(PageFactory.java:117)
at org.openqa.selenium.support.PageFactory.initElements(PageFactory.java:105)
at Screen.Screen1.<init>(Screen1.java:16)
at StepDefinition.StepDefination1.workindia_app_is_launched(StepDefination1.java:36)
at ✽.Given workindia app is launched(Screen1.feature:5)
... Removed 36 stack frames]]>
    </failure>
  </testcase> <!-- feature -->
  <testcase classname="cucumber.api.testng.AbstractTestNGCucumberTests" name="feature" time="0.063">
    <failure type="cucumber.runtime.CucumberException" message="java.lang.IllegalArgumentException: Can not set io.appium.java_client.MobileElement field Screen.Screen2.profile to org.openqa.selenium.remote.RemoteWebElement$$EnhancerByCGLIB$$d27c0df4">
      <![CDATA[cucumber.runtime.CucumberException: java.lang.IllegalArgumentException: Can not set io.appium.java_client.MobileElement field Screen.Screen2.profile to org.openqa.selenium.remote.RemoteWebElement$$EnhancerByCGLIB$$d27c0df4
at cucumber.api.testng.TestNGCucumberRunner.runCucumber(TestNGCucumberRunner.java:69)
at cucumber.api.testng.AbstractTestNGCucumberTests.feature(AbstractTestNGCucumberTests.java:21)
at java.base/java.util.ArrayList.forEach(ArrayList.java:1540)
Caused by: java.lang.IllegalArgumentException: Can not set io.appium.java_client.MobileElement field Screen.Screen2.profile to org.openqa.selenium.remote.RemoteWebElement$$EnhancerByCGLIB$$d27c0df4
at org.openqa.selenium.support.PageFactory.proxyFields(PageFactory.java:117)
at org.openqa.selenium.support.PageFactory.initElements(PageFactory.java:105)
at Screen.Screen2.<init>(Screen2.java:16)
at StepDefinition.StepDefination2.Workindia_app_is_launched(StepDefination2.java:50)
at ✽.Given Workindia app is launched(Screen2.feature:5)
... Removed 36 stack frames]]>
    </failure>
  </testcase> <!-- feature -->
</testsuite> <!-- Surefire test -->
