<?xml version="1.0" encoding="UTF-8"?>
<testsuite xmlns:xsi="http://www.w3.org/2001/XMLSchema-instance" xsi:noNamespaceSchemaLocation="https://maven.apache.org/surefire/maven-surefire-plugin/xsd/surefire-test-report.xsd" name="Runner.TestRunner" time="8.303" tests="3" errors="0" skipped="0" failures="3">
  <properties>
[...]
</properties>
  <testcase name="feature" classname="Runner.TestRunner" time="1.106">
    <failure message="java.lang.IllegalArgumentException: Can not set io.appium.java_client.MobileElement field Screen.Screen1._continue to org.openqa.selenium.remote.RemoteWebElement$$EnhancerByCGLIB$$d27c0df4" type="cucumber.runtime.CucumberException">cucumber.runtime.CucumberException: java.lang.IllegalArgumentException: Can not set io.appium.java_client.MobileElement field Screen.Screen1._continue to org.openqa.selenium.remote.RemoteWebElement$$EnhancerByCGLIB$$d27c0df4
Caused by: java.lang.IllegalArgumentException: Can not set io.appium.java_client.MobileElement field Screen.Screen1._continue to org.openqa.selenium.remote.RemoteWebElement$$EnhancerByCGLIB$$d27c0df4
</failure>
    <system-out><![CDATA[&amp#27;[35m[Appium]&amp#27;[39m Welcome to Appium v1.18.1
&amp#27;[35m[Appium]&amp#27;[39m Appium REST http interface listener started on 0.0.0.0:4723
&amp#27;[35m[HTTP]&amp#27;[39m &amp#27;[37m-->&amp#27;[39m &amp#27;[37mGET&amp#27;[39m &amp#27;[37m/wd/hub/status&amp#27;[39m
&amp#27;[35m[HTTP]&amp#27;[39m &amp#27;[90m{}&amp#27;[39m
[debug] &amp#27;[35m[GENERIC]&amp#27;[39m Calling AppiumDriver.getStatus() with args: []
[debug] &amp#27;[35m[GENERIC]&amp#27;[39m Responding to client with driver.getStatus() result: {"build":{"version":"1.18.1"}}
&amp#27;[35m[HTTP]&amp#27;[39m &amp#27;[37m<-- GET /wd/hub/status &amp#27;[39m&amp#27;[32m200&amp#27;[39m &amp#27;[90m10 ms - 68&amp#27;[39m
&amp#27;[35m[HTTP]&amp#27;[39m &amp#27;[90m&amp#27;[39m
&amp#27;[35m[HTTP]&amp#27;[39m &amp#27;[37m-->&amp#27;[39m &amp#27;[37mPOST&amp#27;[39m &amp#27;[37m/wd/hub/session&amp#27;[39m
&amp#27;[35m[HTTP]&amp#27;[39m &amp#27;[90m{"desiredCapabilities":{"app":"/Users/rishabhsharma06/Downloads/in.workindia.apk","appActivity":".RegisterActivity","appPackage":"in.workindia.nileshdungarwal.workindiaandroid","browser":"","platformName":"Android","deviceName":"Android","platfromVersion":"10"},"capabilities":{"alwaysMatch":{"appium:app":"/Users/rishabhsharma06/Downloads/in.workindia.apk","appium:appActivity":".RegisterActivity","appium:appPackage":"in.workindia.nileshdungarwal.workindiaandroid","browser":"","appium:deviceName":"Android","platformName":"android","platfromVersion":"10"},"firstMatch":[{}]}}&amp#27;[39m
[debug] &amp#27;[35m[W3C]&amp#27;[39m Calling AppiumDriver.createSession() with args: [{"app":"/Users/rishabhsharma06/Downloads/in.workindia.apk","appActivity":".RegisterActivity","appPackage":"in.workindia.nileshdungarwal.workindiaandroid","browser":"","platformName":"Android","deviceName":"Android","platfromVersion":"10"},null,{"alwaysMatch":{"appium:app":"/Users/rishabhsharma06/Downloads/in.workindia.apk","appium:appActivity":".RegisterActivity","appium:appPackage":"in.workindia.nileshdungarwal.workindiaandroid","browser":"","appium:deviceName":"Android","platformName":"android","platfromVersion":"10"},"firstMatch":[{}]}]
[debug] &amp#27;[35m[BaseDriver]&amp#27;[39m Event 'newSessionRequested' logged at 1671208609684 (22:06:49 GMT+0530 (India Standard Time))
&amp#27;[35m[BaseDriver]&amp#27;[39m The following capabilities are not standard capabilities and should have an extension prefix:
&amp#27;[35m[BaseDriver]&amp#27;[39m   browser
&amp#27;[35m[BaseDriver]&amp#27;[39m   platfromVersion
&amp#27;[35m[Appium]&amp#27;[39m 
&amp#27;[35m[Appium]&amp#27;[39m ======================================================================
&amp#27;[35m[Appium]&amp#27;[39m   DEPRECATION WARNING:
&amp#27;[35m[Appium]&amp#27;[39m 
&amp#27;[35m[Appium]&amp#27;[39m   The 'automationName' capability was not provided in the desired 
&amp#27;[35m[Appium]&amp#27;[39m   capabilities for this Android session
&amp#27;[35m[Appium]&amp#27;[39m 
&amp#27;[35m[Appium]&amp#27;[39m   Setting 'automationName=UiAutomator2' by default and using the 
&amp#27;[35m[Appium]&amp#27;[39m   UiAutomator2 Driver
&amp#27;[35m[Appium]&amp#27;[39m 
&amp#27;[35m[Appium]&amp#27;[39m   The next major version of Appium (2.x) will **require** the 
&amp#27;[35m[Appium]&amp#27;[39m   'automationName' capability to be set for all sessions on all 
&amp#27;[35m[Appium]&amp#27;[39m   platforms
&amp#27;[35m[Appium]&amp#27;[39m 
&amp#27;[35m[Appium]&amp#27;[39m   In previous versions (Appium <= 1.13.x), the default was 
&amp#27;[35m[Appium]&amp#27;[39m   'automationName=UiAutomator1'
&amp#27;[35m[Appium]&amp#27;[39m 
&amp#27;[35m[Appium]&amp#27;[39m   If you wish to use that automation instead of UiAutomator2, please 
&amp#27;[35m[Appium]&amp#27;[39m   add 'automationName=UiAutomator1' to your desired capabilities
&amp#27;[35m[Appium]&amp#27;[39m 
&amp#27;[35m[Appium]&amp#27;[39m   For more information about drivers, please visit 
&amp#27;[35m[Appium]&amp#27;[39m   http://appium.io/docs/en/about-appium/intro/ and explore the 
&amp#27;[35m[Appium]&amp#27;[39m   'Drivers' menu
&amp#27;[35m[Appium]&amp#27;[39m 
&amp#27;[35m[Appium]&amp#27;[39m ======================================================================
&amp#27;[35m[Appium]&amp#27;[39m 
&amp#27;[35m[Appium]&amp#27;[39m Appium v1.18.1 creating new AndroidUiautomator2Driver (v1.56.1) session
[debug] &amp#27;[35m[BaseDriver]&amp#27;[39m W3C capabilities and MJSONWP desired capabilities were provided
[debug] &amp#27;[35m[BaseDriver]&amp#27;[39m Creating session with W3C capabilities: {
[debug] &amp#27;[35m[BaseDriver]&amp#27;[39m   "alwaysMatch": {
[debug] &amp#27;[35m[BaseDriver]&amp#27;[39m     "appium:browser": "",
[debug] &amp#27;[35m[BaseDriver]&amp#27;[39m     "platformName": "android",
[debug] &amp#27;[35m[BaseDriver]&amp#27;[39m     "appium:platfromVersion": "10",
[debug] &amp#27;[35m[BaseDriver]&amp#27;[39m     "appium:app": "/Users/rishabhsharma06/Downloads/in.workindia.apk",
[debug] &amp#27;[35m[BaseDriver]&amp#27;[39m     "appium:appActivity": ".RegisterActivity",
[debug] &amp#27;[35m[BaseDriver]&amp#27;[39m     "appium:appPackage": "in.workindia.nileshdungarwal.workindiaandroid",
[debug] &amp#27;[35m[BaseDriver]&amp#27;[39m     "appium:deviceName": "Android"
[debug] &amp#27;[35m[BaseDriver]&amp#27;[39m   },
[debug] &amp#27;[35m[BaseDriver]&amp#27;[39m   "firstMatch": [
[debug] &amp#27;[35m[BaseDriver]&amp#27;[39m     {}
[debug] &amp#27;[35m[BaseDriver]&amp#27;[39m   ]
[debug] &amp#27;[35m[BaseDriver]&amp#27;[39m }
&amp#27;[35m[BaseDriver]&amp#27;[39m The following capabilities were provided, but are not recognized by Appium:
&amp#27;[35m[BaseDriver]&amp#27;[39m   browser
&amp#27;[35m[BaseDriver]&amp#27;[39m   platfromVersion
&amp#27;[35m[BaseDriver]&amp#27;[39m Session created with session id: 02a94677-1f88-46ff-a21d-45d250848575
[debug] &amp#27;[35m[UiAutomator2]&amp#27;[39m Deleting UiAutomator2 session
[debug] &amp#27;[35m[BaseDriver]&amp#27;[39m Event 'newSessionStarted' logged at 1671208610266 (22:06:50 GMT+0530 (India Standard Time))
[debug] &amp#27;[35m[W3C]&amp#27;[39m Encountered internal error running command: Error: The application at '/Users/rishabhsharma06/Downloads/in.workindia.apk' does not exist or is not accessible
[debug] &amp#27;[35m[W3C]&amp#27;[39m     at C:\Users\rishabhsharma06\AppData\Roaming\npm\node_modules\appium\node_modules\appium-base-driver\lib\basedriver\helpers.js:235:13
[debug] &amp#27;[35m[W3C]&amp#27;[39m Destroying socket connection
&amp#27;[35m[HTTP]&amp#27;[39m &amp#27;[37m<-- POST /wd/hub/session &amp#27;[39m&amp#27;[31m500&amp#27;[39m &amp#27;[90m662 ms - 793&amp#27;[39m
&amp#27;[35m[HTTP]&amp#27;[39m &amp#27;[90m&amp#27;[39m
Executing The Scenario 
@Test11
Feature: Verify workindia app functionality

  @TestK
  Scenario Outline: Register functionality             # Screen1.feature:9
    When User click on continue
    Then User click on ok
    When user enters name "<name>"
    And user enters "<Mobile_Number>"
    Then User click on submit button
    Then user choose the city
    And user enter "<My nearest location>"
    Then user click on the submit button
    Given user have to select his Gender
    Then user have to select his Qualification
    Then user have to select his School Medium Was
    Then user have to select how fluent his English is
    Then user have to select his Fresher/Experience
    Then user have to select his age
    Then user have to select his profession intrest
    Then user click on the intrest submit button
    Then user select his Technical skill
    Then user choose his option
    Then user click on Submit button
    Then user choose his Degree
    Then user click on Desired degree
    Then user yes/no
    Then user click on submits button
    Then user choose his language

    Examples: 
BeforeSuite
BeforTest Log4j
This will run before Register functionality

  Background: App launching before all scenarios # Screen1.feature:4
    Given workindia app is launched              # StepDefination1.workindia_app_is_launched()
      java.lang.IllegalArgumentException: Can not set io.appium.java_client.MobileElement field Screen.Screen1._continue to org.openqa.selenium.remote.RemoteWebElement$$EnhancerByCGLIB$$d27c0df4
      	at java.base/jdk.internal.reflect.UnsafeFieldAccessorImpl.throwSetIllegalArgumentException(UnsafeFieldAccessorImpl.java:167)
      	at java.base/jdk.internal.reflect.UnsafeFieldAccessorImpl.throwSetIllegalArgumentException(UnsafeFieldAccessorImpl.java:171)
      	at java.base/jdk.internal.reflect.UnsafeObjectFieldAccessorImpl.set(UnsafeObjectFieldAccessorImpl.java:81)
      	at java.base/java.lang.reflect.Field.set(Field.java:780)
      	at org.openqa.selenium.support.PageFactory.proxyFields(PageFactory.java:117)
      	at org.openqa.selenium.support.PageFactory.initElements(PageFactory.java:105)
      	at Screen.Screen1.<init>(Screen1.java:16)
      	at StepDefinition.StepDefination1.workindia_app_is_launched(StepDefination1.java:36)
      	at ?.Given workindia app is launched(Screen1.feature:5)

This will run After TC
12-16-2022 22:06:51 _Log4jLoggerFactory.java DEBUG [main] freemarker.cache 45 - Couldn't find template in cache for "Extent.ftl"("en_IN", UTF-8, parsed); will try to load it.
12-16-2022 22:06:51 _Log4jLoggerFactory.java DEBUG [main] freemarker.cache 45 - TemplateLoader.findTemplateSource("Extent_en_IN.ftl"): Not found
12-16-2022 22:06:51 _Log4jLoggerFactory.java DEBUG [main] freemarker.cache 45 - TemplateLoader.findTemplateSource("Extent_en.ftl"): Not found
12-16-2022 22:06:51 _Log4jLoggerFactory.java DEBUG [main] freemarker.cache 45 - TemplateLoader.findTemplateSource("Extent.ftl"): Found
12-16-2022 22:06:51 _Log4jLoggerFactory.java DEBUG [main] freemarker.cache 45 - Loading template for "Extent.ftl"("en_IN", UTF-8, parsed) from "jar:file:/C:/Users/rishabhsharma06/.m2/repository/com/relevantcodes/extentreports/2.41.2/extentreports-2.41.2.jar!/com/relevantcodes/extentreports/view/Extent.ftl"
BeforeSuite
BeforTest Log4j
This will run before Seach job near by locatoin

  @Test11 @TestK
  Scenario Outline: Register functionality             # Screen1.feature:38
    When User click on continue                        # StepDefination1.user_click_on_continue()
    Then User click on ok                              # StepDefination1.user_click_on_ok()
    When user enters name "Rishabh sharma"             # StepDefination1.user_enters_name(String)
    And user enters "9636765890"                       # StepDefination1.user_enters(String)
    Then User click on submit button                   # StepDefination1.user_click_on_submit_button()
    Then user choose the city                          # StepDefination1.user_choose_the_city()
    And user enter "Chandni Chowk"                     # StepDefination1.user_enter(String)
    Then user click on the submit button               # StepDefination1.user_click_on_the_submit_button()
    Given user have to select his Gender               # StepDefination1.user_have_to_select_his_Gender()
    Then user have to select his Qualification         # StepDefination1.user_have_to_select_his_Qualification()
    Then user have to select his School Medium Was     # StepDefination1.user_have_to_select_his_School_Medium_Was()
    Then user have to select how fluent his English is # StepDefination1.user_have_to_select_how_fluent_his_English_is()
    Then user have to select his Fresher/Experience    # StepDefination1.user_have_to_select_his_Fresher_Experience()
    Then user have to select his age                   # StepDefination1.user_have_to_select_his_age()
    Then user have to select his profession intrest    # StepDefination1.user_have_to_select_his_profession_intrest()
    Then user click on the intrest submit button       # StepDefination1.user_click_on_the_intrest_submit_button()
    Then user select his Technical skill               # StepDefination1.user_select_his_Technical_skill()
    Then user choose his option                        # StepDefination1.user_choose_his_option()
    Then user click on Submit button                   # StepDefination1.user_click_on_Submit_button()
    Then user choose his Degree                        # StepDefination1.user_choose_his_Degree()
    Then user click on Desired degree                  # StepDefination1.user_click_on_Desired_degree()
    Then user yes/no                                   # StepDefination1.user_yes_no()
    Then user click on submits button                  # StepDefination1.user_click_on_submits_button()
    Then user choose his language                      # StepDefination1.user_choose_his_language()

  Background: App launching before all scenarios # Screen1.feature:4
    Given workindia app is launched              # StepDefination1.workindia_app_is_launched()
      java.lang.IllegalArgumentException: Can not set io.appium.java_client.MobileElement field Screen.Screen1._continue to org.openqa.selenium.remote.RemoteWebElement$$EnhancerByCGLIB$$d27c0df4
      	at java.base/jdk.internal.reflect.UnsafeFieldAccessorImpl.throwSetIllegalArgumentException(UnsafeFieldAccessorImpl.java:167)
      	at java.base/jdk.internal.reflect.UnsafeFieldAccessorImpl.throwSetIllegalArgumentException(UnsafeFieldAccessorImpl.java:171)
      	at java.base/jdk.internal.reflect.UnsafeObjectFieldAccessorImpl.set(UnsafeObjectFieldAccessorImpl.java:81)
      	at java.base/java.lang.reflect.Field.set(Field.java:780)
      	at org.openqa.selenium.support.PageFactory.proxyFields(PageFactory.java:117)
      	at org.openqa.selenium.support.PageFactory.initElements(PageFactory.java:105)
      	at Screen.Screen1.<init>(Screen1.java:16)
      	at StepDefinition.StepDefination1.workindia_app_is_launched(StepDefination1.java:36)
      	at ?.Given workindia app is launched(Screen1.feature:5)

This will run After TC
12-16-2022 22:06:51 _Log4jLoggerFactory.java DEBUG [main] freemarker.cache 45 - Couldn't find template in cache for "Extent.ftl"("en_IN", UTF-8, parsed); will try to load it.
12-16-2022 22:06:51 _Log4jLoggerFactory.java DEBUG [main] freemarker.cache 45 - TemplateLoader.findTemplateSource("Extent_en_IN.ftl"): Not found
12-16-2022 22:06:51 _Log4jLoggerFactory.java DEBUG [main] freemarker.cache 45 - TemplateLoader.findTemplateSource("Extent_en.ftl"): Not found
12-16-2022 22:06:51 _Log4jLoggerFactory.java DEBUG [main] freemarker.cache 45 - TemplateLoader.findTemplateSource("Extent.ftl"): Found
12-16-2022 22:06:51 _Log4jLoggerFactory.java DEBUG [main] freemarker.cache 45 - Loading template for "Extent.ftl"("en_IN", UTF-8, parsed) from "jar:file:/C:/Users/rishabhsharma06/.m2/repository/com/relevantcodes/extentreports/2.41.2/extentreports-2.41.2.jar!/com/relevantcodes/extentreports/view/Extent.ftl"

  @Test2
  Scenario: Seach job near by locatoin              # Screen1.feature:41
    When User have to click on filter               # StepDefination1.user_have_to_click_on_filter()
    When User have to choose Interesed aria for job # StepDefination1.user_have_to_choose_Interesed_aria_for_job()
    Then click on apply                             # StepDefination1.click_on_apply()

  @Test3
  Scenario Outline: Sreach Near By Job and save it and Check Favorite Job List # Screen1.feature:51
    And User have to sreach near location for job "<location>"
    When Use have to Selcet Jobs
    Then User Have to click on favorite button to save job for later
    And User have to go back to select another job
    Then User have to select another job
    And User have to click on favorite button
    When User have go back for cheking Favorite Job List
    Then Click on prifle
    And Click on my favorite job

    Examples: 
BeforeSuite
BeforTest Log4j
This will run before Sreach Near By Job and save it and Check Favorite Job List

  Background: App launching before all scenarios # Screen1.feature:4
    Given workindia app is launched              # StepDefination1.workindia_app_is_launched()
      java.lang.IllegalArgumentException: Can not set io.appium.java_client.MobileElement field Screen.Screen1._continue to org.openqa.selenium.remote.RemoteWebElement$$EnhancerByCGLIB$$d27c0df4
      	at java.base/jdk.internal.reflect.UnsafeFieldAccessorImpl.throwSetIllegalArgumentException(UnsafeFieldAccessorImpl.java:167)
      	at java.base/jdk.internal.reflect.UnsafeFieldAccessorImpl.throwSetIllegalArgumentException(UnsafeFieldAccessorImpl.java:171)
      	at java.base/jdk.internal.reflect.UnsafeObjectFieldAccessorImpl.set(UnsafeObjectFieldAccessorImpl.java:81)
      	at java.base/java.lang.reflect.Field.set(Field.java:780)
      	at org.openqa.selenium.support.PageFactory.proxyFields(PageFactory.java:117)
      	at org.openqa.selenium.support.PageFactory.initElements(PageFactory.java:105)
      	at Screen.Screen1.<init>(Screen1.java:16)
      	at StepDefinition.StepDefination1.workindia_app_is_launched(StepDefination1.java:36)
      	at ?.Given workindia app is launched(Screen1.feature:5)

This will run After TC
12-16-2022 22:06:51 _Log4jLoggerFactory.java DEBUG [main] freemarker.cache 45 - Couldn't find template in cache for "Extent.ftl"("en_IN", UTF-8, parsed); will try to load it.
12-16-2022 22:06:51 _Log4jLoggerFactory.java DEBUG [main] freemarker.cache 45 - TemplateLoader.findTemplateSource("Extent_en_IN.ftl"): Not found
12-16-2022 22:06:51 _Log4jLoggerFactory.java DEBUG [main] freemarker.cache 45 - TemplateLoader.findTemplateSource("Extent_en.ftl"): Not found
12-16-2022 22:06:51 _Log4jLoggerFactory.java DEBUG [main] freemarker.cache 45 - TemplateLoader.findTemplateSource("Extent.ftl"): Found
12-16-2022 22:06:51 _Log4jLoggerFactory.java DEBUG [main] freemarker.cache 45 - Loading template for "Extent.ftl"("en_IN", UTF-8, parsed) from "jar:file:/C:/Users/rishabhsharma06/.m2/repository/com/relevantcodes/extentreports/2.41.2/extentreports-2.41.2.jar!/com/relevantcodes/extentreports/view/Extent.ftl"

  @Test3 @Test11
  Scenario Outline: Sreach Near By Job and save it and Check Favorite Job List # Screen1.feature:63
    And User have to sreach near location for job "connaught palace"           # StepDefination1.user_have_to_sreach_near_location_for_job(String)
    When Use have to Selcet Jobs                                               # StepDefination1.use_have_to_Selcet_Jobs()
    Then User Have to click on favorite button to save job for later           # StepDefination1.user_Have_to_click_on_favorite_button_to_save_job_for_later()
    And User have to go back to select another job                             # StepDefination1.user_have_to_go_back_to_select_another_job()
    Then User have to select another job                                       # StepDefination1.user_have_to_select_another_job()
    And User have to click on favorite button                                  # StepDefination1.user_have_to_click_on_favorite_button()
    When User have go back for cheking Favorite Job List                       # StepDefination1.user_have_go_back_for_cheking_Favorite_Job_List()
    Then Click on prifle                                                       # StepDefination1.click_on_prifle()
    And Click on my favorite job                                               # StepDefination1.click_on_my_favorite_job()
]]></system-out>
    <system-err><![CDATA[org.openqa.selenium.WebDriverException: It is impossible to create a new session because 'createSession' which takes HttpClient, InputStream and long was not found or it is not accessible
Build info: version: '3.141.59', revision: 'e82be7d358', time: '2018-11-14T08:17:03'
System info: host: 'IN-PG02NM6E', ip: '192.168.1.10', os.name: 'Windows 10', os.arch: 'amd64', os.version: '10.0', java.version: '11.0.5'
Driver info: driver.version: AppiumDriver
	at io.appium.java_client.remote.AppiumCommandExecutor$1.createSession(AppiumCommandExecutor.java:195)
	at io.appium.java_client.remote.AppiumCommandExecutor.createSession(AppiumCommandExecutor.java:209)
	at io.appium.java_client.remote.AppiumCommandExecutor.execute(AppiumCommandExecutor.java:231)
	at org.openqa.selenium.remote.RemoteWebDriver.execute(RemoteWebDriver.java:552)
	at io.appium.java_client.DefaultGenericMobileDriver.execute(DefaultGenericMobileDriver.java:42)
	at io.appium.java_client.AppiumDriver.execute(AppiumDriver.java:1)
	at org.openqa.selenium.remote.RemoteWebDriver.startSession(RemoteWebDriver.java:213)
	at org.openqa.selenium.remote.RemoteWebDriver.<init>(RemoteWebDriver.java:131)
	at io.appium.java_client.DefaultGenericMobileDriver.<init>(DefaultGenericMobileDriver.java:38)
	at io.appium.java_client.AppiumDriver.<init>(AppiumDriver.java:84)
	at io.appium.java_client.AppiumDriver.<init>(AppiumDriver.java:94)
	at Runner.TestRunner.startAppium(TestRunner.java:49)
	at java.base/jdk.internal.reflect.NativeMethodAccessorImpl.invoke0(Native Method)
	at java.base/jdk.internal.reflect.NativeMethodAccessorImpl.invoke(NativeMethodAccessorImpl.java:62)
	at java.base/jdk.internal.reflect.DelegatingMethodAccessorImpl.invoke(DelegatingMethodAccessorImpl.java:43)
	at java.base/java.lang.reflect.Method.invoke(Method.java:566)
	at org.testng.internal.MethodInvocationHelper.invokeMethod(MethodInvocationHelper.java:133)
	at org.testng.internal.MethodInvocationHelper.invokeMethodConsideringTimeout(MethodInvocationHelper.java:62)
	at org.testng.internal.ConfigInvoker.invokeConfigurationMethod(ConfigInvoker.java:385)
	at org.testng.internal.ConfigInvoker.invokeConfigurations(ConfigInvoker.java:321)
	at org.testng.SuiteRunner.privateRun(SuiteRunner.java:317)
	at org.testng.SuiteRunner.run(SuiteRunner.java:276)
	at org.testng.SuiteRunnerWorker.runSuite(SuiteRunnerWorker.java:53)
	at org.testng.SuiteRunnerWorker.run(SuiteRunnerWorker.java:96)
	at org.testng.TestNG.runSuitesSequentially(TestNG.java:1212)
	at org.testng.TestNG.runSuitesLocally(TestNG.java:1134)
	at org.testng.TestNG.runSuites(TestNG.java:1063)
	at org.testng.TestNG.run(TestNG.java:1031)
	at org.apache.maven.surefire.testng.TestNGExecutor.run(TestNGExecutor.java:135)
	at org.apache.maven.surefire.testng.TestNGDirectoryTestSuite.executeSingleClass(TestNGDirectoryTestSuite.java:112)
	at org.apache.maven.surefire.testng.TestNGDirectoryTestSuite.execute(TestNGDirectoryTestSuite.java:99)
	at org.apache.maven.surefire.testng.TestNGProvider.invoke(TestNGProvider.java:146)
	at org.apache.maven.surefire.booter.ForkedBooter.invokeProviderInSameClassLoader(ForkedBooter.java:384)
	at org.apache.maven.surefire.booter.ForkedBooter.runSuitesInProcess(ForkedBooter.java:345)
	at org.apache.maven.surefire.booter.ForkedBooter.execute(ForkedBooter.java:126)
	at org.apache.maven.surefire.booter.ForkedBooter.main(ForkedBooter.java:418)
Caused by: java.lang.reflect.InvocationTargetException
	at java.base/jdk.internal.reflect.NativeMethodAccessorImpl.invoke0(Native Method)
	at java.base/jdk.internal.reflect.NativeMethodAccessorImpl.invoke(NativeMethodAccessorImpl.java:62)
	at java.base/jdk.internal.reflect.DelegatingMethodAccessorImpl.invoke(DelegatingMethodAccessorImpl.java:43)
	at java.base/java.lang.reflect.Method.invoke(Method.java:566)
	at io.appium.java_client.remote.AppiumCommandExecutor$1.createSession(AppiumCommandExecutor.java:185)
	... 35 more
Caused by: org.openqa.selenium.WebDriverException: An unknown server-side error occurred while processing the command. Original error: The application at '/Users/rishabhsharma06/Downloads/in.workindia.apk' does not exist or is not accessible
Build info: version: '3.141.59', revision: 'e82be7d358', time: '2018-11-14T08:17:03'
System info: host: 'IN-PG02NM6E', ip: '192.168.1.10', os.name: 'Windows 10', os.arch: 'amd64', os.version: '10.0', java.version: '11.0.5'
Driver info: driver.version: AppiumDriver
remote stacktrace: UnknownError: An unknown server-side error occurred while processing the command. Original error: The application at '/Users/rishabhsharma06/Downloads/in.workindia.apk' does not exist or is not accessible
    at getResponseForW3CError (C:\Users\rishabhsharma06\AppData\Roaming\npm\node_modules\appium\node_modules\appium-base-driver\lib\protocol\errors.js:804:9)
    at asyncHandler (C:\Users\rishabhsharma06\AppData\Roaming\npm\node_modules\appium\node_modules\appium-base-driver\lib\protocol\protocol.js:381:37)
	at java.base/jdk.internal.reflect.NativeConstructorAccessorImpl.newInstance0(Native Method)
	at java.base/jdk.internal.reflect.NativeConstructorAccessorImpl.newInstance(NativeConstructorAccessorImpl.java:62)
	at java.base/jdk.internal.reflect.DelegatingConstructorAccessorImpl.newInstance(DelegatingConstructorAccessorImpl.java:45)
	at java.base/java.lang.reflect.Constructor.newInstance(Constructor.java:490)
	at org.openqa.selenium.remote.W3CHandshakeResponse.lambda$errorHandler$0(W3CHandshakeResponse.java:62)
	at org.openqa.selenium.remote.HandshakeResponse.lambda$getResponseFunction$0(HandshakeResponse.java:30)
	at org.openqa.selenium.remote.ProtocolHandshake.lambda$createSession$0(ProtocolHandshake.java:126)
	at java.base/java.util.stream.ReferencePipeline$3$1.accept(ReferencePipeline.java:195)
	at java.base/java.util.Spliterators$ArraySpliterator.tryAdvance(Spliterators.java:958)
	at java.base/java.util.stream.ReferencePipeline.forEachWithCancel(ReferencePipeline.java:127)
	at java.base/java.util.stream.AbstractPipeline.copyIntoWithCancel(AbstractPipeline.java:502)
	at java.base/java.util.stream.AbstractPipeline.copyInto(AbstractPipeline.java:488)
	at java.base/java.util.stream.AbstractPipeline.wrapAndCopyInto(AbstractPipeline.java:474)
	at java.base/java.util.stream.FindOps$FindOp.evaluateSequential(FindOps.java:150)
	at java.base/java.util.stream.AbstractPipeline.evaluate(AbstractPipeline.java:234)
	at java.base/java.util.stream.ReferencePipeline.findFirst(ReferencePipeline.java:543)
	at org.openqa.selenium.remote.ProtocolHandshake.createSession(ProtocolHandshake.java:128)
	... 40 more
Dec 16, 2022 10:06:51 PM com.relevantcodes.extentreports.ExtentReports loadConfig
WARNING: Unable to perform report configuration. The file D:\Assignments\RishabhAppium\null\reportConfig.xml was not found.
]]></system-err>
  </testcase>
  <testcase name="feature" classname="Runner.TestRunner" time="0.151">
    <failure message="java.lang.IllegalArgumentException: Can not set io.appium.java_client.MobileElement field Screen.Screen2.profile to org.openqa.selenium.remote.RemoteWebElement$$EnhancerByCGLIB$$d27c0df4" type="cucumber.runtime.CucumberException">cucumber.runtime.CucumberException: java.lang.IllegalArgumentException: Can not set io.appium.java_client.MobileElement field Screen.Screen2.profile to org.openqa.selenium.remote.RemoteWebElement$$EnhancerByCGLIB$$d27c0df4
Caused by: java.lang.IllegalArgumentException: Can not set io.appium.java_client.MobileElement field Screen.Screen2.profile to org.openqa.selenium.remote.RemoteWebElement$$EnhancerByCGLIB$$d27c0df4
</failure>
    <system-out><![CDATA[@Test12
Feature: Verify workindia app functionality

  @Test4
  Scenario Outline: Edit profile and Change Language # Screen2.feature:10
    When User click on profile button
    And User select My profile option
    Then User click on edit button
    Then User enter email address "<email>"
    And User click on done button
    Then User click on update profile
    When User click on profile
    And User select change language option
    Then User select language

    Examples: 
BeforeSuite
BeforTest Log4j
This will run before Edit profile and Change Language

  Background:                       # Screen2.feature:4
    Given Workindia app is launched # StepDefination2.Workindia_app_is_launched()
      java.lang.IllegalArgumentException: Can not set io.appium.java_client.MobileElement field Screen.Screen2.profile to org.openqa.selenium.remote.RemoteWebElement$$EnhancerByCGLIB$$d27c0df4
      	at java.base/jdk.internal.reflect.UnsafeFieldAccessorImpl.throwSetIllegalArgumentException(UnsafeFieldAccessorImpl.java:167)
      	at java.base/jdk.internal.reflect.UnsafeFieldAccessorImpl.throwSetIllegalArgumentException(UnsafeFieldAccessorImpl.java:171)
      	at java.base/jdk.internal.reflect.UnsafeObjectFieldAccessorImpl.set(UnsafeObjectFieldAccessorImpl.java:81)
      	at java.base/java.lang.reflect.Field.set(Field.java:780)
      	at org.openqa.selenium.support.PageFactory.proxyFields(PageFactory.java:117)
      	at org.openqa.selenium.support.PageFactory.initElements(PageFactory.java:105)
      	at Screen.Screen2.<init>(Screen2.java:16)
      	at StepDefinition.StepDefination2.Workindia_app_is_launched(StepDefination2.java:50)
      	at ?.Given Workindia app is launched(Screen2.feature:5)

This will run After TC
12-16-2022 22:06:51 _Log4jLoggerFactory.java DEBUG [main] freemarker.cache 45 - Couldn't find template in cache for "Extent.ftl"("en_IN", UTF-8, parsed); will try to load it.
12-16-2022 22:06:51 _Log4jLoggerFactory.java DEBUG [main] freemarker.cache 45 - TemplateLoader.findTemplateSource("Extent_en_IN.ftl"): Not found
12-16-2022 22:06:51 _Log4jLoggerFactory.java DEBUG [main] freemarker.cache 45 - TemplateLoader.findTemplateSource("Extent_en.ftl"): Not found
12-16-2022 22:06:51 _Log4jLoggerFactory.java DEBUG [main] freemarker.cache 45 - TemplateLoader.findTemplateSource("Extent.ftl"): Found
12-16-2022 22:06:51 _Log4jLoggerFactory.java DEBUG [main] freemarker.cache 45 - Loading template for "Extent.ftl"("en_IN", UTF-8, parsed) from "jar:file:/C:/Users/rishabhsharma06/.m2/repository/com/relevantcodes/extentreports/2.41.2/extentreports-2.41.2.jar!/com/relevantcodes/extentreports/view/Extent.ftl"
BeforeSuite
BeforTest Log4j
This will run before user click on tips

  @Test4 @Test12
  Scenario Outline: Edit profile and Change Language # Screen2.feature:23
    When User click on profile button                # StepDefination2.user_click_on_profile_button()
    And User select My profile option                # StepDefination2.user_select_My_profile_option()
    Then User click on edit button                   # StepDefination2.user_click_on_edit_button()
    Then User enter email address "XYZ@gmail.com"    # StepDefination2.user_enter_email_address(String)
    And User click on done button                    # StepDefination2.user_click_on_done_button()
    Then User click on update profile                # StepDefination2.user_click_on_update_profile()
    When User click on profile                       # StepDefination2.user_click_on_profile()
    And User select change language option           # StepDefination2.user_select_change_language_option()
    Then User select language                        # StepDefination2.user_select_language()

  Background:                       # Screen2.feature:4
    Given Workindia app is launched # StepDefination2.Workindia_app_is_launched()
      java.lang.IllegalArgumentException: Can not set io.appium.java_client.MobileElement field Screen.Screen2.profile to org.openqa.selenium.remote.RemoteWebElement$$EnhancerByCGLIB$$d27c0df4
      	at java.base/jdk.internal.reflect.UnsafeFieldAccessorImpl.throwSetIllegalArgumentException(UnsafeFieldAccessorImpl.java:167)
      	at java.base/jdk.internal.reflect.UnsafeFieldAccessorImpl.throwSetIllegalArgumentException(UnsafeFieldAccessorImpl.java:171)
      	at java.base/jdk.internal.reflect.UnsafeObjectFieldAccessorImpl.set(UnsafeObjectFieldAccessorImpl.java:81)
      	at java.base/java.lang.reflect.Field.set(Field.java:780)
      	at org.openqa.selenium.support.PageFactory.proxyFields(PageFactory.java:117)
      	at org.openqa.selenium.support.PageFactory.initElements(PageFactory.java:105)
      	at Screen.Screen2.<init>(Screen2.java:16)
      	at StepDefinition.StepDefination2.Workindia_app_is_launched(StepDefination2.java:50)
      	at ?.Given Workindia app is launched(Screen2.feature:5)

This will run After TC
12-16-2022 22:06:51 _Log4jLoggerFactory.java DEBUG [main] freemarker.cache 45 - Couldn't find template in cache for "Extent.ftl"("en_IN", UTF-8, parsed); will try to load it.
12-16-2022 22:06:51 _Log4jLoggerFactory.java DEBUG [main] freemarker.cache 45 - TemplateLoader.findTemplateSource("Extent_en_IN.ftl"): Not found
12-16-2022 22:06:51 _Log4jLoggerFactory.java DEBUG [main] freemarker.cache 45 - TemplateLoader.findTemplateSource("Extent_en.ftl"): Not found
12-16-2022 22:06:51 _Log4jLoggerFactory.java DEBUG [main] freemarker.cache 45 - TemplateLoader.findTemplateSource("Extent.ftl"): Found
12-16-2022 22:06:51 _Log4jLoggerFactory.java DEBUG [main] freemarker.cache 45 - Loading template for "Extent.ftl"("en_IN", UTF-8, parsed) from "jar:file:/C:/Users/rishabhsharma06/.m2/repository/com/relevantcodes/extentreports/2.41.2/extentreports-2.41.2.jar!/com/relevantcodes/extentreports/view/Extent.ftl"

  @Test6
  Scenario: user click on tips     # Screen2.feature:25
    Then user click on tip button  # StepDefination2.user_click_on_tip_button()
    Then user click on like button # StepDefination2.user_click_on_like_button()
]]></system-out>
  </testcase>
  <testcase name="stopAppium" classname="Runner.TestRunner" time="0.377">
    <failure type="java.lang.NullPointerException">java.lang.NullPointerException
	at Runner.TestRunner.stopAppium(TestRunner.java:65)
</failure>
    <system-out><![CDATA[
Failed scenarios:
Screen1.feature:38 # Scenario Outline: Register functionality
Screen1.feature:41 # Scenario: Seach job near by locatoin
Screen1.feature:63 # Scenario Outline: Sreach Near By Job and save it and Check Favorite Job List
Screen2.feature:23 # Scenario Outline: Edit profile and Change Language
Screen2.feature:25 # Scenario: user click on tips

5 Scenarios (5 failed)
52 Steps (5 failed, 47 skipped)
0m0.836s

java.lang.IllegalArgumentException: Can not set io.appium.java_client.MobileElement field Screen.Screen1._continue to org.openqa.selenium.remote.RemoteWebElement$$EnhancerByCGLIB$$d27c0df4
	at java.base/jdk.internal.reflect.UnsafeFieldAccessorImpl.throwSetIllegalArgumentException(UnsafeFieldAccessorImpl.java:167)
	at java.base/jdk.internal.reflect.UnsafeFieldAccessorImpl.throwSetIllegalArgumentException(UnsafeFieldAccessorImpl.java:171)
	at java.base/jdk.internal.reflect.UnsafeObjectFieldAccessorImpl.set(UnsafeObjectFieldAccessorImpl.java:81)
	at java.base/java.lang.reflect.Field.set(Field.java:780)
	at org.openqa.selenium.support.PageFactory.proxyFields(PageFactory.java:117)
	at org.openqa.selenium.support.PageFactory.initElements(PageFactory.java:105)
	at Screen.Screen1.<init>(Screen1.java:16)
	at StepDefinition.StepDefination1.workindia_app_is_launched(StepDefination1.java:36)
	at ?.Given workindia app is launched(Screen1.feature:5)

java.lang.IllegalArgumentException: Can not set io.appium.java_client.MobileElement field Screen.Screen1._continue to org.openqa.selenium.remote.RemoteWebElement$$EnhancerByCGLIB$$d27c0df4
	at java.base/jdk.internal.reflect.UnsafeFieldAccessorImpl.throwSetIllegalArgumentException(UnsafeFieldAccessorImpl.java:167)
	at java.base/jdk.internal.reflect.UnsafeFieldAccessorImpl.throwSetIllegalArgumentException(UnsafeFieldAccessorImpl.java:171)
	at java.base/jdk.internal.reflect.UnsafeObjectFieldAccessorImpl.set(UnsafeObjectFieldAccessorImpl.java:81)
	at java.base/java.lang.reflect.Field.set(Field.java:780)
	at org.openqa.selenium.support.PageFactory.proxyFields(PageFactory.java:117)
	at org.openqa.selenium.support.PageFactory.initElements(PageFactory.java:105)
	at Screen.Screen1.<init>(Screen1.java:16)
	at StepDefinition.StepDefination1.workindia_app_is_launched(StepDefination1.java:36)
	at ?.Given workindia app is launched(Screen1.feature:5)

java.lang.IllegalArgumentException: Can not set io.appium.java_client.MobileElement field Screen.Screen1._continue to org.openqa.selenium.remote.RemoteWebElement$$EnhancerByCGLIB$$d27c0df4
	at java.base/jdk.internal.reflect.UnsafeFieldAccessorImpl.throwSetIllegalArgumentException(UnsafeFieldAccessorImpl.java:167)
	at java.base/jdk.internal.reflect.UnsafeFieldAccessorImpl.throwSetIllegalArgumentException(UnsafeFieldAccessorImpl.java:171)
	at java.base/jdk.internal.reflect.UnsafeObjectFieldAccessorImpl.set(UnsafeObjectFieldAccessorImpl.java:81)
	at java.base/java.lang.reflect.Field.set(Field.java:780)
	at org.openqa.selenium.support.PageFactory.proxyFields(PageFactory.java:117)
	at org.openqa.selenium.support.PageFactory.initElements(PageFactory.java:105)
	at Screen.Screen1.<init>(Screen1.java:16)
	at StepDefinition.StepDefination1.workindia_app_is_launched(StepDefination1.java:36)
	at ?.Given workindia app is launched(Screen1.feature:5)

java.lang.IllegalArgumentException: Can not set io.appium.java_client.MobileElement field Screen.Screen2.profile to org.openqa.selenium.remote.RemoteWebElement$$EnhancerByCGLIB$$d27c0df4
	at java.base/jdk.internal.reflect.UnsafeFieldAccessorImpl.throwSetIllegalArgumentException(UnsafeFieldAccessorImpl.java:167)
	at java.base/jdk.internal.reflect.UnsafeFieldAccessorImpl.throwSetIllegalArgumentException(UnsafeFieldAccessorImpl.java:171)
	at java.base/jdk.internal.reflect.UnsafeObjectFieldAccessorImpl.set(UnsafeObjectFieldAccessorImpl.java:81)
	at java.base/java.lang.reflect.Field.set(Field.java:780)
	at org.openqa.selenium.support.PageFactory.proxyFields(PageFactory.java:117)
	at org.openqa.selenium.support.PageFactory.initElements(PageFactory.java:105)
	at Screen.Screen2.<init>(Screen2.java:16)
	at StepDefinition.StepDefination2.Workindia_app_is_launched(StepDefination2.java:50)
	at ?.Given Workindia app is launched(Screen2.feature:5)

java.lang.IllegalArgumentException: Can not set io.appium.java_client.MobileElement field Screen.Screen2.profile to org.openqa.selenium.remote.RemoteWebElement$$EnhancerByCGLIB$$d27c0df4
	at java.base/jdk.internal.reflect.UnsafeFieldAccessorImpl.throwSetIllegalArgumentException(UnsafeFieldAccessorImpl.java:167)
	at java.base/jdk.internal.reflect.UnsafeFieldAccessorImpl.throwSetIllegalArgumentException(UnsafeFieldAccessorImpl.java:171)
	at java.base/jdk.internal.reflect.UnsafeObjectFieldAccessorImpl.set(UnsafeObjectFieldAccessorImpl.java:81)
	at java.base/java.lang.reflect.Field.set(Field.java:780)
	at org.openqa.selenium.support.PageFactory.proxyFields(PageFactory.java:117)
	at org.openqa.selenium.support.PageFactory.initElements(PageFactory.java:105)
	at Screen.Screen2.<init>(Screen2.java:16)
	at StepDefinition.StepDefination2.Workindia_app_is_launched(StepDefination2.java:50)
	at ?.Given Workindia app is launched(Screen2.feature:5)

]]></system-out>
  </testcase>
</testsuite>